mode: set
go-notebook/pkg/okf/indexer.go:14.41,17.32 3 1
go-notebook/pkg/okf/indexer.go:17.32,18.21 1 1
go-notebook/pkg/okf/indexer.go:18.21,20.91 2 1
go-notebook/pkg/okf/indexer.go:20.91,22.5 1 1
go-notebook/pkg/okf/indexer.go:25.2,25.14 1 1
go-notebook/pkg/okf/parser.go:16.60,24.21 7 1
go-notebook/pkg/okf/parser.go:24.21,27.21 3 1
go-notebook/pkg/okf/parser.go:27.21,28.40 1 1
go-notebook/pkg/okf/parser.go:28.40,30.13 2 1
go-notebook/pkg/okf/parser.go:33.3,33.20 1 1
go-notebook/pkg/okf/parser.go:33.20,34.40 1 1
go-notebook/pkg/okf/parser.go:34.40,37.13 3 1
go-notebook/pkg/okf/parser.go:39.4,39.43 1 1
go-notebook/pkg/okf/parser.go:40.9,42.4 1 1
go-notebook/pkg/okf/parser.go:45.2,45.38 1 1
go-notebook/pkg/okf/parser.go:45.38,47.3 1 0
go-notebook/pkg/okf/parser.go:49.2,49.25 1 1
go-notebook/pkg/okf/parser.go:49.25,51.3 1 1
go-notebook/pkg/okf/parser.go:53.2,54.70 2 1
go-notebook/pkg/okf/parser.go:54.70,56.3 1 0
go-notebook/pkg/okf/parser.go:59.2,59.67 1 1
go-notebook/pkg/okf/parser.go:59.67,61.3 1 1
go-notebook/pkg/okf/parser.go:63.2,63.36 1 1
